2019-08-28 21:11:49,176 [Worker-3] INFO  c.g.t.t.d.PublishedGradleVersions - Gradle version information cache is out-of-date. Trying to update.
2019-08-28 21:33:15,647 [Worker-20] INFO  o.e.m.c.i.l.LifecycleMappingFactory - Using org.eclipse.m2e.jdt.JarLifecycleMapping lifecycle mapping for MavenProject: com.example:polls:0.0.1-SNAPSHOT @ G:\Lernopus\spring-security-react-ant-design-polls-app-master\polling-app-server\pom.xml.
2019-08-28 21:33:19,645 [Worker-20] INFO  o.e.m.c.i.e.AbstractTransferListenerAdapter - Downloading https://repo.maven.apache.org/maven2/org/apache/maven/shared/file-management/3.0.0/file-management-3.0.0.pom
2019-08-28 21:33:19,841 [Worker-20] INFO  o.e.m.c.i.e.AbstractTransferListenerAdapter - Downloaded https://repo.maven.apache.org/maven2/org/apache/maven/shared/file-management/3.0.0/file-management-3.0.0.pom
2019-08-28 21:33:20,066 [Worker-20] INFO  o.e.m.c.i.e.AbstractTransferListenerAdapter - Downloading https://repo.maven.apache.org/maven2/org/apache/maven/shared/maven-shared-io/3.0.0/maven-shared-io-3.0.0.pom
2019-08-28 21:33:20,341 [Worker-20] INFO  o.e.m.c.i.e.AbstractTransferListenerAdapter - Downloaded https://repo.maven.apache.org/maven2/org/apache/maven/shared/maven-shared-io/3.0.0/maven-shared-io-3.0.0.pom
2019-08-28 21:33:20,537 [Worker-20] INFO  o.e.m.c.i.e.AbstractTransferListenerAdapter - Downloading https://repo.maven.apache.org/maven2/org/apache/maven/maven-compat/3.0/maven-compat-3.0.pom
2019-08-28 21:33:20,734 [Worker-20] INFO  o.e.m.c.i.e.AbstractTransferListenerAdapter - Downloaded https://repo.maven.apache.org/maven2/org/apache/maven/maven-compat/3.0/maven-compat-3.0.pom
2019-08-28 21:33:20,975 [Worker-20] INFO  o.e.m.c.i.e.AbstractTransferListenerAdapter - Downloading https://repo.maven.apache.org/maven2/org/apache/maven/wagon/wagon-provider-api/1.0-beta-6/wagon-provider-api-1.0-beta-6.pom
2019-08-28 21:33:21,164 [Worker-20] INFO  o.e.m.c.i.e.AbstractTransferListenerAdapter - Downloaded https://repo.maven.apache.org/maven2/org/apache/maven/wagon/wagon-provider-api/1.0-beta-6/wagon-provider-api-1.0-beta-6.pom
2019-08-28 21:33:21,363 [Worker-20] INFO  o.e.m.c.i.e.AbstractTransferListenerAdapter - Downloading https://repo.maven.apache.org/maven2/org/apache/maven/wagon/wagon/1.0-beta-6/wagon-1.0-beta-6.pom
2019-08-28 21:33:21,593 [Worker-20] INFO  o.e.m.c.i.e.AbstractTransferListenerAdapter - Downloaded https://repo.maven.apache.org/maven2/org/apache/maven/wagon/wagon/1.0-beta-6/wagon-1.0-beta-6.pom
2019-08-28 21:33:21,779 [Worker-20] INFO  o.e.m.c.i.e.AbstractTransferListenerAdapter - Downloading https://repo.maven.apache.org/maven2/org/codehaus/plexus/plexus-utils/1.4.2/plexus-utils-1.4.2.pom
2019-08-28 21:33:22,077 [Worker-20] INFO  o.e.m.c.i.e.AbstractTransferListenerAdapter - Downloaded https://repo.maven.apache.org/maven2/org/codehaus/plexus/plexus-utils/1.4.2/plexus-utils-1.4.2.pom
2019-08-28 21:33:22,261 [Worker-20] INFO  o.e.m.c.i.e.AbstractTransferListenerAdapter - Downloading https://repo.maven.apache.org/maven2/org/apache/maven/wagon/wagon-provider-api/2.10/wagon-provider-api-2.10.pom
2019-08-28 21:33:22,439 [Worker-20] INFO  o.e.m.c.i.e.AbstractTransferListenerAdapter - Downloaded https://repo.maven.apache.org/maven2/org/apache/maven/wagon/wagon-provider-api/2.10/wagon-provider-api-2.10.pom
2019-08-28 21:33:22,630 [Worker-20] INFO  o.e.m.c.i.e.AbstractTransferListenerAdapter - Downloading https://repo.maven.apache.org/maven2/org/apache/maven/wagon/wagon/2.10/wagon-2.10.pom
2019-08-28 21:33:22,858 [Worker-20] INFO  o.e.m.c.i.e.AbstractTransferListenerAdapter - Downloaded https://repo.maven.apache.org/maven2/org/apache/maven/wagon/wagon/2.10/wagon-2.10.pom
2019-08-28 21:33:23,175 [Worker-20] INFO  o.e.m.c.i.e.AbstractTransferListenerAdapter - Downloading https://repo.maven.apache.org/maven2/org/apache/maven/maven-archiver/3.4.0/maven-archiver-3.4.0.pom
2019-08-28 21:33:23,352 [Worker-20] INFO  o.e.m.c.i.e.AbstractTransferListenerAdapter - Downloaded https://repo.maven.apache.org/maven2/org/apache/maven/maven-archiver/3.4.0/maven-archiver-3.4.0.pom
2019-08-28 21:33:23,853 [Worker-20] INFO  o.e.m.c.i.e.AbstractTransferListenerAdapter - Downloading https://repo.maven.apache.org/maven2/org/codehaus/plexus/plexus-archiver/4.1.0/plexus-archiver-4.1.0.pom
2019-08-28 21:33:24,031 [Worker-20] INFO  o.e.m.c.i.e.AbstractTransferListenerAdapter - Downloaded https://repo.maven.apache.org/maven2/org/codehaus/plexus/plexus-archiver/4.1.0/plexus-archiver-4.1.0.pom
2019-08-28 21:33:24,248 [Worker-20] INFO  o.e.m.c.i.e.AbstractTransferListenerAdapter - Downloading https://repo.maven.apache.org/maven2/org/codehaus/plexus/plexus-utils/3.1.1/plexus-utils-3.1.1.pom
2019-08-28 21:33:24,432 [Worker-20] INFO  o.e.m.c.i.e.AbstractTransferListenerAdapter - Downloaded https://repo.maven.apache.org/maven2/org/codehaus/plexus/plexus-utils/3.1.1/plexus-utils-3.1.1.pom
2019-08-28 21:33:24,624 [Worker-20] INFO  o.e.m.c.i.e.AbstractTransferListenerAdapter - Downloading https://repo.maven.apache.org/maven2/org/codehaus/plexus/plexus-io/3.1.1/plexus-io-3.1.1.pom
2019-08-28 21:33:24,819 [Worker-20] INFO  o.e.m.c.i.e.AbstractTransferListenerAdapter - Downloaded https://repo.maven.apache.org/maven2/org/codehaus/plexus/plexus-io/3.1.1/plexus-io-3.1.1.pom
2019-08-28 21:33:25,218 [Worker-20] INFO  o.e.m.c.i.e.AbstractTransferListenerAdapter - Downloading https://repo.maven.apache.org/maven2/org/codehaus/plexus/plexus-utils/3.2.0/plexus-utils-3.2.0.pom
2019-08-28 21:33:25,467 [Worker-20] INFO  o.e.m.c.i.e.AbstractTransferListenerAdapter - Downloaded https://repo.maven.apache.org/maven2/org/codehaus/plexus/plexus-utils/3.2.0/plexus-utils-3.2.0.pom
2019-08-28 21:33:25,780 [Worker-20] INFO  o.e.m.c.i.e.AbstractTransferListenerAdapter - Downloading https://repo.maven.apache.org/maven2/org/apache/maven/shared/file-management/3.0.0/file-management-3.0.0.jar
2019-08-28 21:33:26,160 [Worker-20] INFO  o.e.m.c.i.e.AbstractTransferListenerAdapter - Downloaded https://repo.maven.apache.org/maven2/org/apache/maven/shared/file-management/3.0.0/file-management-3.0.0.jar
2019-08-28 21:33:26,325 [Worker-20] INFO  o.e.m.c.i.e.AbstractTransferListenerAdapter - Downloading https://repo.maven.apache.org/maven2/org/apache/maven/shared/maven-shared-io/3.0.0/maven-shared-io-3.0.0.jar
2019-08-28 21:33:26,703 [Worker-20] INFO  o.e.m.c.i.e.AbstractTransferListenerAdapter - Downloaded https://repo.maven.apache.org/maven2/org/apache/maven/shared/maven-shared-io/3.0.0/maven-shared-io-3.0.0.jar
2019-08-28 21:33:26,876 [Worker-20] INFO  o.e.m.c.i.e.AbstractTransferListenerAdapter - Downloading https://repo.maven.apache.org/maven2/org/apache/maven/maven-compat/3.0/maven-compat-3.0.jar
2019-08-28 21:33:28,208 [Worker-20] INFO  o.e.m.c.i.e.AbstractTransferListenerAdapter - Downloaded https://repo.maven.apache.org/maven2/org/apache/maven/maven-compat/3.0/maven-compat-3.0.jar
2019-08-28 21:33:28,390 [Worker-20] INFO  o.e.m.c.i.e.AbstractTransferListenerAdapter - Downloading https://repo.maven.apache.org/maven2/org/apache/maven/wagon/wagon-provider-api/2.10/wagon-provider-api-2.10.jar
2019-08-28 21:33:28,681 [Worker-20] INFO  o.e.m.c.i.e.AbstractTransferListenerAdapter - Downloaded https://repo.maven.apache.org/maven2/org/apache/maven/wagon/wagon-provider-api/2.10/wagon-provider-api-2.10.jar
2019-08-28 21:33:28,855 [Worker-20] INFO  o.e.m.c.i.e.AbstractTransferListenerAdapter - Downloading https://repo.maven.apache.org/maven2/org/apache/maven/maven-archiver/3.4.0/maven-archiver-3.4.0.jar
2019-08-28 21:33:29,106 [Worker-20] INFO  o.e.m.c.i.e.AbstractTransferListenerAdapter - Downloaded https://repo.maven.apache.org/maven2/org/apache/maven/maven-archiver/3.4.0/maven-archiver-3.4.0.jar
2019-08-28 21:33:29,314 [Worker-20] INFO  o.e.m.c.i.e.AbstractTransferListenerAdapter - Downloading https://repo.maven.apache.org/maven2/org/codehaus/plexus/plexus-archiver/4.1.0/plexus-archiver-4.1.0.jar
2019-08-28 21:33:30,104 [Worker-20] INFO  o.e.m.c.i.e.AbstractTransferListenerAdapter - Downloaded https://repo.maven.apache.org/maven2/org/codehaus/plexus/plexus-archiver/4.1.0/plexus-archiver-4.1.0.jar
2019-08-28 21:33:30,279 [Worker-20] INFO  o.e.m.c.i.e.AbstractTransferListenerAdapter - Downloading https://repo.maven.apache.org/maven2/org/codehaus/plexus/plexus-io/3.1.1/plexus-io-3.1.1.jar
2019-08-28 21:33:30,608 [Worker-20] INFO  o.e.m.c.i.e.AbstractTransferListenerAdapter - Downloaded https://repo.maven.apache.org/maven2/org/codehaus/plexus/plexus-io/3.1.1/plexus-io-3.1.1.jar
2019-08-28 21:33:30,787 [Worker-20] INFO  o.e.m.c.i.e.AbstractTransferListenerAdapter - Downloading https://repo.maven.apache.org/maven2/org/codehaus/plexus/plexus-utils/3.2.0/plexus-utils-3.2.0.jar
2019-08-28 21:33:31,782 [Worker-20] INFO  o.e.m.c.i.e.AbstractTransferListenerAdapter - Downloaded https://repo.maven.apache.org/maven2/org/codehaus/plexus/plexus-utils/3.2.0/plexus-utils-3.2.0.jar
2019-08-28 21:33:36,843 [Worker-20] INFO  o.e.m.j.i.AbstractJavaProjectConfigurator - Adding source folder /polling-app-server/src/main/java
2019-08-28 21:33:36,843 [Worker-20] INFO  o.e.m.j.i.AbstractJavaProjectConfigurator - Adding resource folder /polling-app-server/src/main/resources
2019-08-28 21:33:36,851 [Worker-20] INFO  o.e.m.j.i.AbstractJavaProjectConfigurator - Adding resource folder /polling-app-server/src/main/resources
2019-08-28 21:33:36,864 [Worker-20] INFO  o.e.m.j.i.AbstractJavaProjectConfigurator - Adding source folder /polling-app-server/src/test/java
2019-08-28 21:33:37,533 [Worker-20] INFO  o.e.m.c.i.p.ProjectConfigurationManager - Imported and configured 1 project(s) in 42 sec
2019-08-28 21:33:40,825 [Worker-20] INFO  o.e.m.c.i.embedder.EclipseLogger - Using 'UTF-8' encoding to copy filtered resources.
2019-08-28 21:33:40,830 [Worker-20] INFO  o.e.m.c.i.embedder.EclipseLogger - Copying 1 resource
2019-08-28 21:33:41,230 [Worker-20] INFO  o.e.m.c.i.embedder.EclipseLogger - Copying 3 resources
2019-08-28 21:33:41,291 [Worker-20] INFO  o.e.m.c.i.embedder.EclipseLogger - Using 'UTF-8' encoding to copy filtered resources.
2019-08-28 21:33:41,291 [Worker-20] INFO  o.e.m.c.i.embedder.EclipseLogger - skip non existing resourceDirectory G:\Lernopus\spring-security-react-ant-design-polls-app-master\polling-app-server\src\test\resources
2019-08-28 21:36:11,502 [Worker-22] ERROR o.e.m.c.i.p.r.ProjectRegistryManager - Could not read pom.xml
org.eclipse.core.runtime.CoreException: Could not read pom.xml
	at org.eclipse.m2e.core.internal.embedder.MavenImpl.readModel(MavenImpl.java:565) ~[org.eclipse.m2e.core_1.8.3.20180227-2137.jar:na]
	at org.eclipse.m2e.core.internal.embedder.MavenImpl.readModel(MavenImpl.java:574) ~[org.eclipse.m2e.core_1.8.3.20180227-2137.jar:na]
	at org.eclipse.m2e.core.internal.project.registry.ProjectRegistryManager.refreshPhase2(ProjectRegistryManager.java:542) [org.eclipse.m2e.core_1.8.3.20180227-2137.jar:na]
	at org.eclipse.m2e.core.internal.project.registry.ProjectRegistryManager.refresh(ProjectRegistryManager.java:498) [org.eclipse.m2e.core_1.8.3.20180227-2137.jar:na]
	at org.eclipse.m2e.core.internal.project.registry.ProjectRegistryManager.refresh(ProjectRegistryManager.java:351) [org.eclipse.m2e.core_1.8.3.20180227-2137.jar:na]
	at org.eclipse.m2e.core.internal.project.registry.ProjectRegistryManager.refresh(ProjectRegistryManager.java:298) [org.eclipse.m2e.core_1.8.3.20180227-2137.jar:na]
	at org.eclipse.m2e.core.internal.builder.MavenBuilder$BuildMethod.getProjectFacade(MavenBuilder.java:154) [org.eclipse.m2e.core_1.8.3.20180227-2137.jar:na]
	at org.eclipse.m2e.core.internal.builder.MavenBuilder$BuildMethod$1.call(MavenBuilder.java:89) [org.eclipse.m2e.core_1.8.3.20180227-2137.jar:na]
	at org.eclipse.m2e.core.internal.embedder.MavenExecutionContext.executeBare(MavenExecutionContext.java:177) [org.eclipse.m2e.core_1.8.3.20180227-2137.jar:na]
	at org.eclipse.m2e.core.internal.embedder.MavenExecutionContext.execute(MavenExecutionContext.java:151) [org.eclipse.m2e.core_1.8.3.20180227-2137.jar:na]
	at org.eclipse.m2e.core.internal.embedder.MavenExecutionContext.execute(MavenExecutionContext.java:99) [org.eclipse.m2e.core_1.8.3.20180227-2137.jar:na]
	at org.eclipse.m2e.core.internal.builder.MavenBuilder$BuildMethod.execute(MavenBuilder.java:86) [org.eclipse.m2e.core_1.8.3.20180227-2137.jar:na]
	at org.eclipse.m2e.core.internal.builder.MavenBuilder.build(MavenBuilder.java:200) [org.eclipse.m2e.core_1.8.3.20180227-2137.jar:na]
	at org.eclipse.core.internal.events.BuildManager$2.run(BuildManager.java:735) [org.eclipse.core.resources_3.12.0.v20170417-1558.jar:na]
	at org.eclipse.core.runtime.SafeRunner.run(SafeRunner.java:42) [org.eclipse.equinox.common_3.9.0.v20170207-1454.jar:na]
	at org.eclipse.core.internal.events.BuildManager.basicBuild(BuildManager.java:206) [org.eclipse.core.resources_3.12.0.v20170417-1558.jar:na]
	at org.eclipse.core.internal.events.BuildManager.basicBuild(BuildManager.java:246) [org.eclipse.core.resources_3.12.0.v20170417-1558.jar:na]
	at org.eclipse.core.internal.events.BuildManager$1.run(BuildManager.java:301) [org.eclipse.core.resources_3.12.0.v20170417-1558.jar:na]
	at org.eclipse.core.runtime.SafeRunner.run(SafeRunner.java:42) [org.eclipse.equinox.common_3.9.0.v20170207-1454.jar:na]
	at org.eclipse.core.internal.events.BuildManager.basicBuild(BuildManager.java:304) [org.eclipse.core.resources_3.12.0.v20170417-1558.jar:na]
	at org.eclipse.core.internal.events.BuildManager.basicBuildLoop(BuildManager.java:360) [org.eclipse.core.resources_3.12.0.v20170417-1558.jar:na]
	at org.eclipse.core.internal.events.BuildManager.build(BuildManager.java:383) [org.eclipse.core.resources_3.12.0.v20170417-1558.jar:na]
	at org.eclipse.core.internal.events.AutoBuildJob.doBuild(AutoBuildJob.java:142) [org.eclipse.core.resources_3.12.0.v20170417-1558.jar:na]
	at org.eclipse.core.internal.events.AutoBuildJob.run(AutoBuildJob.java:232) [org.eclipse.core.resources_3.12.0.v20170417-1558.jar:na]
	at org.eclipse.core.internal.jobs.Worker.run(Worker.java:56) [org.eclipse.core.jobs_3.9.3.v20180115-1757.jar:na]
Caused by: org.apache.maven.model.io.ModelParseException: Expected root element 'project' but found 'xml' (position: START_TAG seen <xml version="1.0" encoding="UTF-8">... @1:36) 
	at org.apache.maven.model.io.DefaultModelReader.read(DefaultModelReader.java:122) ~[maven-model-builder-3.3.9.jar:3.3.9]
	at org.apache.maven.model.io.DefaultModelReader.read(DefaultModelReader.java:86) ~[maven-model-builder-3.3.9.jar:3.3.9]
	at org.eclipse.m2e.core.internal.embedder.MavenImpl.readModel(MavenImpl.java:563) ~[org.eclipse.m2e.core_1.8.3.20180227-2137.jar:na]
	... 24 common frames omitted
Caused by: org.codehaus.plexus.util.xml.pull.XmlPullParserException: Expected root element 'project' but found 'xml' (position: START_TAG seen <xml version="1.0" encoding="UTF-8">... @1:36) 
	at org.apache.maven.model.io.xpp3.MavenXpp3Reader.read(MavenXpp3Reader.java:3843) ~[maven-model-3.3.9.jar:3.3.9]
	at org.apache.maven.model.io.xpp3.MavenXpp3Reader.read(MavenXpp3Reader.java:595) ~[maven-model-3.3.9.jar:3.3.9]
	at org.apache.maven.model.io.DefaultModelReader.read(DefaultModelReader.java:117) ~[maven-model-builder-3.3.9.jar:3.3.9]
	... 26 common frames omitted
2019-08-28 21:36:40,435 [Worker-27] ERROR o.e.m.c.i.p.r.ProjectRegistryManager - Failed to read Maven project: For artifact {null:null:null:jar}: The groupId cannot be empty.
org.apache.maven.artifact.InvalidArtifactRTException: For artifact {null:null:null:jar}: The groupId cannot be empty.
	at org.apache.maven.artifact.DefaultArtifact.validateIdentity(DefaultArtifact.java:130) ~[maven-artifact-3.3.9.jar:3.3.9]
	at org.apache.maven.artifact.DefaultArtifact.<init>(DefaultArtifact.java:123) ~[maven-artifact-3.3.9.jar:3.3.9]
	at org.apache.maven.bridge.MavenRepositorySystem.XcreateArtifact(MavenRepositorySystem.java:564) ~[maven-core-3.3.9.jar:3.3.9]
	at org.apache.maven.bridge.MavenRepositorySystem.XcreateArtifact(MavenRepositorySystem.java:524) ~[maven-core-3.3.9.jar:3.3.9]
	at org.apache.maven.bridge.MavenRepositorySystem.XcreateArtifact(MavenRepositorySystem.java:518) ~[maven-core-3.3.9.jar:3.3.9]
	at org.apache.maven.bridge.MavenRepositorySystem.XcreateArtifact(MavenRepositorySystem.java:476) ~[maven-core-3.3.9.jar:3.3.9]
	at org.apache.maven.bridge.MavenRepositorySystem.createArtifact(MavenRepositorySystem.java:79) ~[maven-core-3.3.9.jar:3.3.9]
	at org.apache.maven.project.DefaultProjectBuilder.initProject(DefaultProjectBuilder.java:704) ~[maven-core-3.3.9.jar:3.3.9]
	at org.apache.maven.project.DefaultProjectBuilder.build(DefaultProjectBuilder.java:176) ~[maven-core-3.3.9.jar:3.3.9]
	at org.apache.maven.project.DefaultProjectBuilder.build(DefaultProjectBuilder.java:119) ~[maven-core-3.3.9.jar:3.3.9]
	at org.eclipse.m2e.core.internal.embedder.MavenImpl.readMavenProject(MavenImpl.java:636) ~[org.eclipse.m2e.core_1.8.3.20180227-2137.jar:na]
	at org.eclipse.m2e.core.internal.project.registry.ProjectRegistryManager$5.call(ProjectRegistryManager.java:816) ~[org.eclipse.m2e.core_1.8.3.20180227-2137.jar:na]
	at org.eclipse.m2e.core.internal.project.registry.ProjectRegistryManager$5.call(ProjectRegistryManager.java:1) ~[org.eclipse.m2e.core_1.8.3.20180227-2137.jar:na]
	at org.eclipse.m2e.core.internal.embedder.MavenExecutionContext.executeBare(MavenExecutionContext.java:177) ~[org.eclipse.m2e.core_1.8.3.20180227-2137.jar:na]
	at org.eclipse.m2e.core.internal.embedder.MavenExecutionContext.execute(MavenExecutionContext.java:151) ~[org.eclipse.m2e.core_1.8.3.20180227-2137.jar:na]
	at org.eclipse.m2e.core.internal.embedder.MavenExecutionContext.execute(MavenExecutionContext.java:99) ~[org.eclipse.m2e.core_1.8.3.20180227-2137.jar:na]
	at org.eclipse.m2e.core.internal.project.registry.ProjectRegistryManager.execute(ProjectRegistryManager.java:967) ~[org.eclipse.m2e.core_1.8.3.20180227-2137.jar:na]
	at org.eclipse.m2e.core.internal.project.registry.ProjectRegistryManager.readProjectWithDependencies(ProjectRegistryManager.java:811) ~[org.eclipse.m2e.core_1.8.3.20180227-2137.jar:na]
	at org.eclipse.m2e.core.internal.project.registry.ProjectRegistryManager.create(ProjectRegistryManager.java:192) ~[org.eclipse.m2e.core_1.8.3.20180227-2137.jar:na]
	at org.eclipse.m2e.core.internal.project.registry.MavenProjectManager.create(MavenProjectManager.java:80) [org.eclipse.m2e.core_1.8.3.20180227-2137.jar:na]
	at org.eclipse.m2e.core.ui.internal.actions.SelectionUtil.getMavenProject(SelectionUtil.java:259) [org.eclipse.m2e.core.ui_1.8.3.20180227-2137.jar:na]
	at org.eclipse.m2e.editor.pom.MavenPomEditor.readMavenProject(MavenPomEditor.java:742) [org.eclipse.m2e.editor_1.8.3.20180227-2137.jar:na]
	at org.eclipse.m2e.editor.pom.MavenPomEditor$5.run(MavenPomEditor.java:1077) [org.eclipse.m2e.editor_1.8.3.20180227-2137.jar:na]
	at org.eclipse.core.internal.jobs.Worker.run(Worker.java:56) [org.eclipse.core.jobs_3.9.3.v20180115-1757.jar:na]
2019-08-28 21:36:40,591 [Worker-22] ERROR o.e.m.c.i.p.r.ProjectRegistryManager - Could not read pom.xml
org.eclipse.core.runtime.CoreException: Could not read pom.xml
	at org.eclipse.m2e.core.internal.embedder.MavenImpl.readModel(MavenImpl.java:565) ~[org.eclipse.m2e.core_1.8.3.20180227-2137.jar:na]
	at org.eclipse.m2e.core.internal.embedder.MavenImpl.readModel(MavenImpl.java:574) ~[org.eclipse.m2e.core_1.8.3.20180227-2137.jar:na]
	at org.eclipse.m2e.core.internal.project.registry.ProjectRegistryManager.refreshPhase2(ProjectRegistryManager.java:542) [org.eclipse.m2e.core_1.8.3.20180227-2137.jar:na]
	at org.eclipse.m2e.core.internal.project.registry.ProjectRegistryManager.refresh(ProjectRegistryManager.java:498) [org.eclipse.m2e.core_1.8.3.20180227-2137.jar:na]
	at org.eclipse.m2e.core.internal.project.registry.ProjectRegistryManager.refresh(ProjectRegistryManager.java:351) [org.eclipse.m2e.core_1.8.3.20180227-2137.jar:na]
	at org.eclipse.m2e.core.internal.project.registry.ProjectRegistryManager.refresh(ProjectRegistryManager.java:298) [org.eclipse.m2e.core_1.8.3.20180227-2137.jar:na]
	at org.eclipse.m2e.core.internal.builder.MavenBuilder$BuildMethod.getProjectFacade(MavenBuilder.java:154) [org.eclipse.m2e.core_1.8.3.20180227-2137.jar:na]
	at org.eclipse.m2e.core.internal.builder.MavenBuilder$BuildMethod$1.call(MavenBuilder.java:89) [org.eclipse.m2e.core_1.8.3.20180227-2137.jar:na]
	at org.eclipse.m2e.core.internal.embedder.MavenExecutionContext.executeBare(MavenExecutionContext.java:177) [org.eclipse.m2e.core_1.8.3.20180227-2137.jar:na]
	at org.eclipse.m2e.core.internal.embedder.MavenExecutionContext.execute(MavenExecutionContext.java:151) [org.eclipse.m2e.core_1.8.3.20180227-2137.jar:na]
	at org.eclipse.m2e.core.internal.embedder.MavenExecutionContext.execute(MavenExecutionContext.java:99) [org.eclipse.m2e.core_1.8.3.20180227-2137.jar:na]
	at org.eclipse.m2e.core.internal.builder.MavenBuilder$BuildMethod.execute(MavenBuilder.java:86) [org.eclipse.m2e.core_1.8.3.20180227-2137.jar:na]
	at org.eclipse.m2e.core.internal.builder.MavenBuilder.build(MavenBuilder.java:200) [org.eclipse.m2e.core_1.8.3.20180227-2137.jar:na]
	at org.eclipse.core.internal.events.BuildManager$2.run(BuildManager.java:735) [org.eclipse.core.resources_3.12.0.v20170417-1558.jar:na]
	at org.eclipse.core.runtime.SafeRunner.run(SafeRunner.java:42) [org.eclipse.equinox.common_3.9.0.v20170207-1454.jar:na]
	at org.eclipse.core.internal.events.BuildManager.basicBuild(BuildManager.java:206) [org.eclipse.core.resources_3.12.0.v20170417-1558.jar:na]
	at org.eclipse.core.internal.events.BuildManager.basicBuild(BuildManager.java:246) [org.eclipse.core.resources_3.12.0.v20170417-1558.jar:na]
	at org.eclipse.core.internal.events.BuildManager$1.run(BuildManager.java:301) [org.eclipse.core.resources_3.12.0.v20170417-1558.jar:na]
	at org.eclipse.core.runtime.SafeRunner.run(SafeRunner.java:42) [org.eclipse.equinox.common_3.9.0.v20170207-1454.jar:na]
	at org.eclipse.core.internal.events.BuildManager.basicBuild(BuildManager.java:304) [org.eclipse.core.resources_3.12.0.v20170417-1558.jar:na]
	at org.eclipse.core.internal.events.BuildManager.basicBuildLoop(BuildManager.java:360) [org.eclipse.core.resources_3.12.0.v20170417-1558.jar:na]
	at org.eclipse.core.internal.events.BuildManager.build(BuildManager.java:383) [org.eclipse.core.resources_3.12.0.v20170417-1558.jar:na]
	at org.eclipse.core.internal.events.AutoBuildJob.doBuild(AutoBuildJob.java:142) [org.eclipse.core.resources_3.12.0.v20170417-1558.jar:na]
	at org.eclipse.core.internal.events.AutoBuildJob.run(AutoBuildJob.java:232) [org.eclipse.core.resources_3.12.0.v20170417-1558.jar:na]
	at org.eclipse.core.internal.jobs.Worker.run(Worker.java:56) [org.eclipse.core.jobs_3.9.3.v20180115-1757.jar:na]
Caused by: org.apache.maven.model.io.ModelParseException: Expected root element 'project' but found 'xml' (position: START_TAG seen <xml version="1.0" encoding="UTF-8"/>... @1:37) 
	at org.apache.maven.model.io.DefaultModelReader.read(DefaultModelReader.java:122) ~[maven-model-builder-3.3.9.jar:3.3.9]
	at org.apache.maven.model.io.DefaultModelReader.read(DefaultModelReader.java:86) ~[maven-model-builder-3.3.9.jar:3.3.9]
	at org.eclipse.m2e.core.internal.embedder.MavenImpl.readModel(MavenImpl.java:563) ~[org.eclipse.m2e.core_1.8.3.20180227-2137.jar:na]
	... 24 common frames omitted
Caused by: org.codehaus.plexus.util.xml.pull.XmlPullParserException: Expected root element 'project' but found 'xml' (position: START_TAG seen <xml version="1.0" encoding="UTF-8"/>... @1:37) 
	at org.apache.maven.model.io.xpp3.MavenXpp3Reader.read(MavenXpp3Reader.java:3843) ~[maven-model-3.3.9.jar:3.3.9]
	at org.apache.maven.model.io.xpp3.MavenXpp3Reader.read(MavenXpp3Reader.java:595) ~[maven-model-3.3.9.jar:3.3.9]
	at org.apache.maven.model.io.DefaultModelReader.read(DefaultModelReader.java:117) ~[maven-model-builder-3.3.9.jar:3.3.9]
	... 26 common frames omitted
2019-08-28 21:36:50,220 [Worker-24] INFO  o.e.m.c.i.l.LifecycleMappingFactory - Using org.eclipse.m2e.jdt.JarLifecycleMapping lifecycle mapping for MavenProject: com.example:polls:0.0.1-SNAPSHOT @ G:\Lernopus\spring-security-react-ant-design-polls-app-master\polling-app-server\pom.xml.
2019-08-28 21:36:52,104 [Worker-24] INFO  o.e.m.c.i.embedder.EclipseLogger - Using 'UTF-8' encoding to copy filtered resources.
2019-08-28 21:36:52,107 [Worker-24] INFO  o.e.m.c.i.embedder.EclipseLogger - Copying 0 resource
2019-08-28 21:36:52,107 [Worker-24] INFO  o.e.m.c.i.embedder.EclipseLogger - Copying 0 resource
2019-08-28 21:36:52,109 [Worker-24] INFO  o.e.m.c.i.embedder.EclipseLogger - Using 'UTF-8' encoding to copy filtered resources.
2019-08-28 21:36:52,109 [Worker-24] INFO  o.e.m.c.i.embedder.EclipseLogger - skip non existing resourceDirectory G:\Lernopus\spring-security-react-ant-design-polls-app-master\polling-app-server\src\test\resources
2019-08-28 22:02:47,472 [Worker-33] INFO  o.e.m.c.i.embedder.EclipseLogger - Using 'UTF-8' encoding to copy filtered resources.
2019-08-28 22:02:47,476 [Worker-33] INFO  o.e.m.c.i.embedder.EclipseLogger - Copying 1 resource
2019-08-28 22:02:47,491 [Worker-33] INFO  o.e.m.c.i.embedder.EclipseLogger - Copying 0 resource
2019-08-28 22:02:47,493 [Worker-33] INFO  o.e.m.c.i.embedder.EclipseLogger - Using 'UTF-8' encoding to copy filtered resources.
2019-08-28 22:02:47,493 [Worker-33] INFO  o.e.m.c.i.embedder.EclipseLogger - skip non existing resourceDirectory G:\Lernopus\spring-security-react-ant-design-polls-app-master\polling-app-server\src\test\resources
2019-08-28 22:02:55,506 [Worker-37] INFO  o.e.m.c.i.embedder.EclipseLogger - Using 'UTF-8' encoding to copy filtered resources.
2019-08-28 22:02:55,507 [Worker-37] INFO  o.e.m.c.i.embedder.EclipseLogger - Copying 1 resource
2019-08-28 22:02:55,509 [Worker-37] INFO  o.e.m.c.i.embedder.EclipseLogger - Copying 0 resource
2019-08-28 22:02:55,511 [Worker-37] INFO  o.e.m.c.i.embedder.EclipseLogger - Using 'UTF-8' encoding to copy filtered resources.
2019-08-28 22:02:55,511 [Worker-37] INFO  o.e.m.c.i.embedder.EclipseLogger - skip non existing resourceDirectory G:\Lernopus\spring-security-react-ant-design-polls-app-master\polling-app-server\src\test\resources
